<?xml version="1.0" encoding="UTF-8"?>
<testsuite name="haxidenti.jj.StackTest" tests="1" skipped="0" failures="0" errors="0" timestamp="2021-11-15T18:10:01" hostname="HAXIDENTI-PC" time="0.012">
  <properties/>
  <testcase name="stackTest()" classname="haxidenti.jj.StackTest" time="0.012"/>
  <system-out><![CDATA[]]></system-out>
  <system-err><![CDATA[]]></system-err>
</testsuite>
